2018-11-20 14:20:55,035 INFO [root] [log_conf.py(<module>:25)] - hello
2018-11-20 14:20:55,035 ERROR [root] [log_conf.py(<module>:26)] - error
2018-11-20 14:20:55,035 INFO [root] [utils.py(get_driver:73)] - get_driver
2018-11-20 14:20:55,082 ERROR [root] [run_suite.py(<module>:25)] - '_TestResult' object has no attribute 'outputBuffer'
Traceback (most recent call last):
  File "D:\software\Python36\lib\unittest\suite.py", line 163, in _handleClassSetUp
    setUpClass()
  File "D:\PycharmProjects\webAutoTestTPshop\script\test_login.py", line 35, in setUpClass
    cls.login_proxy = LoginProxy()
  File "D:\PycharmProjects\webAutoTestTPshop\page\login_page.py", line 63, in __init__
    self.login_handle = LoginHandle()
  File "D:\PycharmProjects\webAutoTestTPshop\page\login_page.py", line 42, in __init__
    self.login_page = LoginPage()
  File "D:\PycharmProjects\webAutoTestTPshop\page\login_page.py", line 12, in __init__
    super().__init__()
  File "D:\PycharmProjects\webAutoTestTPshop\base\base_page.py", line 10, in __init__
    self.driver = DriverUtil.get_driver()
  File "D:\PycharmProjects\webAutoTestTPshop\utils.py", line 75, in get_driver
    DriverUtil._driver = webdriver.Firefox()
  File "D:\PycharmProjects\webAutoTestTPshop\venv\lib\site-packages\selenium\webdriver\firefox\webdriver.py", line 70, in __init__
    self.binary = FirefoxBinary()
  File "D:\PycharmProjects\webAutoTestTPshop\venv\lib\site-packages\selenium\webdriver\firefox\firefox_binary.py", line 50, in __init__
    "binary = FirefoxBinary('/path/to/binary')\ndriver = webdriver.Firefox(firefox_binary=binary)")
Exception: Failed to find firefox binary. You can set it by specifying the path to 'firefox_binary':

from selenium.webdriver.firefox.firefox_binary import FirefoxBinary

binary = FirefoxBinary('/path/to/binary')
driver = webdriver.Firefox(firefox_binary=binary)

During handling of the above exception, another exception occurred:

Traceback (most recent call last):
  File "D:/PycharmProjects/webAutoTestTPshop/run_suite.py", line 23, in <module>
    runner.run(suite)
  File "D:\PycharmProjects\webAutoTestTPshop\tools\HTMLTestRunner.py", line 628, in run
    test(result)
  File "D:\software\Python36\lib\unittest\suite.py", line 84, in __call__
    return self.run(*args, **kwds)
  File "D:\software\Python36\lib\unittest\suite.py", line 114, in run
    self._handleClassSetUp(test, result)
  File "D:\software\Python36\lib\unittest\suite.py", line 170, in _handleClassSetUp
    self._addClassOrModuleLevelException(result, e, errorName)
  File "D:\software\Python36\lib\unittest\suite.py", line 216, in _addClassOrModuleLevelException
    result.addError(error, sys.exc_info())
  File "D:\PycharmProjects\webAutoTestTPshop\tools\HTMLTestRunner.py", line 584, in addError
    output = self.complete_output()
  File "D:\PycharmProjects\webAutoTestTPshop\tools\HTMLTestRunner.py", line 558, in complete_output
    return self.outputBuffer.getvalue()
AttributeError: '_TestResult' object has no attribute 'outputBuffer'
2018-11-20 14:20:55,097 INFO [root] [utils.py(get_driver:73)] - get_driver
2018-11-20 14:22:11,850 INFO [root] [log_conf.py(<module>:25)] - hello
2018-11-20 14:22:11,850 ERROR [root] [log_conf.py(<module>:26)] - error
2018-11-20 14:22:11,850 INFO [root] [utils.py(get_driver:73)] - get_driver
2018-11-20 14:22:34,147 INFO [root] [utils.py(get_driver:73)] - get_driver
2018-11-20 14:22:34,148 INFO [root] [utils.py(get_driver:73)] - get_driver
2018-11-20 14:22:36,062 INFO [root] [test_login.py(test_login:51)] - username=13012345678 password=123456 code=8888 expect=登录成功
2018-11-20 14:22:40,718 INFO [root] [utils.py(get_driver:73)] - get_driver
2018-11-20 14:22:40,718 INFO [root] [utils.py(get_driver:73)] - get_driver
2018-11-20 14:22:40,718 INFO [root] [utils.py(get_driver:73)] - get_driver
2018-11-20 14:22:40,718 INFO [root] [utils.py(get_driver:73)] - get_driver
2018-11-20 14:22:40,718 INFO [root] [utils.py(get_driver:73)] - get_driver
2018-11-20 14:22:40,718 INFO [root] [utils.py(get_driver:73)] - get_driver
2018-11-20 14:22:40,718 INFO [root] [utils.py(get_driver:73)] - get_driver
2018-11-20 14:22:53,060 INFO [root] [utils.py(get_driver:73)] - get_driver
2018-11-20 14:22:55,216 INFO [root] [utils.py(get_driver:73)] - get_driver
2018-11-20 14:22:56,434 INFO [root] [utils.py(get_driver:73)] - get_driver
2018-11-20 14:22:58,387 INFO [root] [utils.py(get_driver:73)] - get_driver
2018-11-20 14:22:58,387 INFO [root] [utils.py(get_driver:73)] - get_driver
2018-11-20 14:22:58,387 INFO [root] [utils.py(get_driver:73)] - get_driver
2018-11-20 14:22:58,387 INFO [root] [utils.py(get_driver:73)] - get_driver
2018-11-20 14:22:58,387 INFO [root] [utils.py(get_driver:73)] - get_driver
2018-11-20 14:22:58,387 INFO [root] [utils.py(get_driver:73)] - get_driver
2018-11-20 14:22:58,387 INFO [root] [utils.py(get_driver:73)] - get_driver
2018-11-20 14:22:58,387 INFO [root] [utils.py(get_driver:73)] - get_driver
2018-11-20 14:22:58,387 INFO [root] [utils.py(get_driver:73)] - get_driver
2018-11-20 14:22:58,387 INFO [root] [utils.py(get_driver:73)] - get_driver
2018-11-20 14:23:03,849 INFO [root] [utils.py(get_driver:73)] - get_driver
2018-11-20 14:23:13,912 INFO [root] [utils.py(get_driver:73)] - get_driver
2018-11-20 14:23:27,097 INFO [root] [utils.py(get_driver:73)] - get_driver
2018-11-20 14:35:29,313 INFO [root] [log_conf.py(<module>:25)] - hello
2018-11-20 14:35:29,313 ERROR [root] [log_conf.py(<module>:26)] - error
2018-11-20 14:35:29,313 INFO [root] [utils.py(get_driver:83)] - get_driver
2018-11-20 14:35:47,682 INFO [root] [utils.py(get_driver:83)] - get_driver
2018-11-20 14:35:47,682 INFO [root] [utils.py(get_driver:83)] - get_driver
2018-11-20 14:35:48,381 INFO [root] [test_login.py(test_login:51)] - username=13012345678 password=123456 code=8888 expect=登录成功
2018-11-20 14:35:53,472 INFO [root] [utils.py(get_driver:83)] - get_driver
2018-11-20 14:35:53,472 INFO [root] [utils.py(get_driver:83)] - get_driver
2018-11-20 14:35:53,472 INFO [root] [utils.py(get_driver:83)] - get_driver
2018-11-20 14:35:53,472 INFO [root] [utils.py(get_driver:83)] - get_driver
2018-11-20 14:35:53,472 INFO [root] [utils.py(get_driver:83)] - get_driver
2018-11-20 14:35:53,472 INFO [root] [utils.py(get_driver:83)] - get_driver
2018-11-20 14:35:53,472 INFO [root] [utils.py(get_driver:83)] - get_driver
2018-11-20 14:36:08,105 INFO [root] [utils.py(get_driver:83)] - get_driver
2018-11-20 14:36:10,276 INFO [root] [utils.py(get_driver:83)] - get_driver
2018-11-20 14:36:11,528 INFO [root] [utils.py(get_driver:83)] - get_driver
2018-11-20 14:36:13,371 INFO [root] [utils.py(get_driver:83)] - get_driver
2018-11-20 14:36:13,371 INFO [root] [utils.py(get_driver:83)] - get_driver
2018-11-20 14:36:13,371 INFO [root] [utils.py(get_driver:83)] - get_driver
2018-11-20 14:36:13,371 INFO [root] [utils.py(get_driver:83)] - get_driver
2018-11-20 14:36:13,371 INFO [root] [utils.py(get_driver:83)] - get_driver
2018-11-20 14:36:13,371 INFO [root] [utils.py(get_driver:83)] - get_driver
2018-11-20 14:36:13,371 INFO [root] [utils.py(get_driver:83)] - get_driver
2018-11-20 14:36:13,371 INFO [root] [utils.py(get_driver:83)] - get_driver
2018-11-20 14:36:13,371 INFO [root] [utils.py(get_driver:83)] - get_driver
2018-11-20 14:36:13,371 INFO [root] [utils.py(get_driver:83)] - get_driver
2018-11-20 14:36:21,606 INFO [root] [utils.py(get_driver:83)] - get_driver
2018-11-20 14:36:27,260 INFO [root] [utils.py(get_driver:83)] - get_driver
2018-11-20 14:36:32,213 INFO [root] [utils.py(get_driver:83)] - get_driver
2018-11-20 14:36:44,308 INFO [root] [utils.py(get_driver:83)] - get_driver
2018-11-20 14:44:36,539 INFO [root] [log_conf.py(<module>:25)] - hello
2018-11-20 14:44:36,539 ERROR [root] [log_conf.py(<module>:26)] - error
2018-11-20 14:44:36,539 INFO [root] [utils.py(get_driver:83)] - get_driver
2018-11-20 14:44:54,496 INFO [root] [utils.py(get_driver:83)] - get_driver
2018-11-20 14:44:54,497 INFO [root] [utils.py(get_driver:83)] - get_driver
2018-11-20 14:44:55,214 INFO [root] [test_login.py(test_login:51)] - username=13012345678 password=123456 code=8888 expect=登录成功
2018-11-20 14:45:00,150 INFO [root] [utils.py(get_driver:83)] - get_driver
2018-11-20 14:45:00,150 INFO [root] [utils.py(get_driver:83)] - get_driver
2018-11-20 14:45:00,150 INFO [root] [utils.py(get_driver:83)] - get_driver
2018-11-20 14:45:00,150 INFO [root] [utils.py(get_driver:83)] - get_driver
2018-11-20 14:45:00,150 INFO [root] [utils.py(get_driver:83)] - get_driver
2018-11-20 14:45:00,150 INFO [root] [utils.py(get_driver:83)] - get_driver
2018-11-20 14:45:00,150 INFO [root] [utils.py(get_driver:83)] - get_driver
2018-11-20 14:45:15,617 INFO [root] [utils.py(get_driver:83)] - get_driver
2018-11-20 14:45:16,799 INFO [root] [utils.py(get_driver:83)] - get_driver
2018-11-20 14:45:16,947 INFO [root] [utils.py(get_driver:83)] - get_driver
2018-11-20 14:45:18,899 INFO [root] [utils.py(get_driver:83)] - get_driver
2018-11-20 14:45:18,899 INFO [root] [utils.py(get_driver:83)] - get_driver
2018-11-20 14:45:18,899 INFO [root] [utils.py(get_driver:83)] - get_driver
2018-11-20 14:45:18,899 INFO [root] [utils.py(get_driver:83)] - get_driver
2018-11-20 14:45:18,899 INFO [root] [utils.py(get_driver:83)] - get_driver
2018-11-20 14:45:18,899 INFO [root] [utils.py(get_driver:83)] - get_driver
2018-11-20 14:45:18,899 INFO [root] [utils.py(get_driver:83)] - get_driver
2018-11-20 14:45:18,899 INFO [root] [utils.py(get_driver:83)] - get_driver
2018-11-20 14:45:18,899 INFO [root] [utils.py(get_driver:83)] - get_driver
2018-11-20 14:45:18,899 INFO [root] [utils.py(get_driver:83)] - get_driver
2018-11-20 14:45:26,632 INFO [root] [utils.py(get_driver:83)] - get_driver
2018-11-20 14:45:31,489 INFO [root] [utils.py(get_driver:83)] - get_driver
2018-11-20 14:45:36,397 INFO [root] [utils.py(get_driver:83)] - get_driver
2018-11-20 14:45:58,298 INFO [root] [utils.py(get_driver:83)] - get_driver
2018-11-20 14:47:02,284 INFO [root] [log_conf.py(<module>:25)] - hello
2018-11-20 14:47:02,284 ERROR [root] [log_conf.py(<module>:26)] - error
2018-11-20 14:47:02,284 INFO [root] [utils.py(get_driver:83)] - get_driver
2018-11-20 14:47:20,866 INFO [root] [utils.py(get_driver:83)] - get_driver
2018-11-20 14:47:20,866 INFO [root] [utils.py(get_driver:83)] - get_driver
2018-11-20 14:47:21,819 INFO [root] [test_login.py(test_login:51)] - username=13012345678 password=123456 code=8888 expect=登录成功
2018-11-20 14:47:26,724 INFO [root] [utils.py(get_driver:83)] - get_driver
2018-11-20 14:47:26,724 INFO [root] [utils.py(get_driver:83)] - get_driver
2018-11-20 14:47:26,724 INFO [root] [utils.py(get_driver:83)] - get_driver
2018-11-20 14:47:26,724 INFO [root] [utils.py(get_driver:83)] - get_driver
2018-11-20 14:47:26,724 INFO [root] [utils.py(get_driver:83)] - get_driver
2018-11-20 14:47:26,724 INFO [root] [utils.py(get_driver:83)] - get_driver
2018-11-20 14:47:26,724 INFO [root] [utils.py(get_driver:83)] - get_driver
2018-11-20 14:47:39,672 INFO [root] [utils.py(get_driver:83)] - get_driver
2018-11-20 14:47:40,844 INFO [root] [utils.py(get_driver:83)] - get_driver
2018-11-20 14:47:40,938 INFO [root] [utils.py(get_driver:83)] - get_driver
2018-11-20 14:47:42,659 INFO [root] [utils.py(get_driver:83)] - get_driver
2018-11-20 14:47:42,659 INFO [root] [utils.py(get_driver:83)] - get_driver
2018-11-20 14:47:42,659 INFO [root] [utils.py(get_driver:83)] - get_driver
2018-11-20 14:47:42,659 INFO [root] [utils.py(get_driver:83)] - get_driver
2018-11-20 14:47:42,659 INFO [root] [utils.py(get_driver:83)] - get_driver
2018-11-20 14:47:42,659 INFO [root] [utils.py(get_driver:83)] - get_driver
2018-11-20 14:47:42,659 INFO [root] [utils.py(get_driver:83)] - get_driver
2018-11-20 14:47:42,659 INFO [root] [utils.py(get_driver:83)] - get_driver
2018-11-20 14:47:42,659 INFO [root] [utils.py(get_driver:83)] - get_driver
2018-11-20 14:47:42,659 INFO [root] [utils.py(get_driver:83)] - get_driver
2018-11-20 14:47:50,939 INFO [root] [utils.py(get_driver:83)] - get_driver
2018-11-20 14:47:54,032 INFO [root] [utils.py(get_driver:83)] - get_driver
2018-11-20 14:47:59,128 INFO [root] [utils.py(get_driver:83)] - get_driver
2018-11-20 14:48:04,050 INFO [root] [utils.py(get_driver:83)] - get_driver
2018-11-20 14:48:07,112 INFO [root] [utils.py(get_driver:83)] - get_driver
2018-11-20 14:48:07,128 INFO [root] [utils.py(get_driver:83)] - get_driver
2018-11-20 15:05:30,967 INFO [config.py(<module>:28)] - hello
2018-11-20 15:05:30,967 ERROR [config.py(<module>:29)] - error
2018-11-20 15:05:58,500 INFO [config.py(<module>:28)] - hello
2018-11-20 15:05:58,500 ERROR [config.py(<module>:29)] - error
2018-11-20 15:06:54,815 INFO [config.py(<module>:28)] - hello
2018-11-20 15:06:54,815 ERROR [config.py(<module>:29)] - error
2018-11-20 15:08:55,581 INFO [config.py(<module>:31)] - hello
2018-11-20 15:08:55,581 ERROR [config.py(<module>:32)] - error
2018-11-20 15:09:06,316 INFO [config.py(<module>:31)] - hello
2018-11-20 15:09:06,316 ERROR [config.py(<module>:32)] - error
2018-11-20 15:09:51,051 INFO [config.py(<module>:30)] - hello
2018-11-20 15:09:51,051 ERROR [config.py(<module>:31)] - error
2018-11-20 15:11:10,725 INFO [config.py(<module>:30)] - hello
2018-11-20 15:11:10,725 ERROR [config.py(<module>:31)] - error
2018-11-20 15:11:23,738 INFO [config.py(<module>:30)] - hello
2018-11-20 15:11:23,738 ERROR [config.py(<module>:31)] - error
2018-11-20 15:11:23,769 ERROR [test_login.py(setUpClass:35)] - helloooooooo
2018-11-20 15:11:23,769 INFO [utils.py(get_driver:83)] - get_driver
2018-11-20 15:11:34,998 INFO [utils.py(get_driver:83)] - get_driver
2018-11-20 15:11:34,998 INFO [utils.py(get_driver:83)] - get_driver
2018-11-20 15:11:37,400 INFO [test_login.py(test_login:52)] - username=13012345678 password=123456 code=8888 expect=登录成功
2018-11-20 15:11:42,205 INFO [utils.py(get_driver:83)] - get_driver
2018-11-20 15:13:25,644 INFO [config.py(<module>:30)] - hello
2018-11-20 15:13:25,644 ERROR [config.py(<module>:31)] - error
2018-11-20 15:13:25,659 ERROR [test_login.py(setUpClass:35)] - helloooooooo
2018-11-20 15:13:25,659 INFO [utils.py(get_driver:83)] - get_driver
2018-11-20 15:13:43,302 INFO [utils.py(get_driver:83)] - get_driver
2018-11-20 15:13:43,303 INFO [utils.py(get_driver:83)] - get_driver
2018-11-20 15:13:43,304 INFO [base_page.py(find_element:14)] - location=('link text', '登录')
2018-11-20 15:13:43,990 INFO [test_login.py(test_login:52)] - username=13012345678 password=123456 code=8888 expect=登录成功
2018-11-20 15:13:43,990 INFO [base_page.py(find_element:14)] - location=('id', 'username')
2018-11-20 15:13:44,062 INFO [base_page.py(find_element:14)] - location=('id', 'password')
2018-11-20 15:13:44,111 INFO [base_page.py(find_element:14)] - location=('id', 'verify_code')
2018-11-20 15:13:44,216 INFO [base_page.py(find_element:14)] - location=('name', 'sbtbutton')
2018-11-20 15:13:44,486 INFO [base_page.py(find_element:14)] - location=('link text', '我的商城')
2018-11-20 15:13:48,941 INFO [utils.py(get_driver:83)] - get_driver
2018-11-20 15:14:16,416 INFO [config.py(<module>:30)] - hello
2018-11-20 15:14:16,416 ERROR [config.py(<module>:31)] - error
2018-11-20 15:14:16,448 ERROR [test_login.py(setUpClass:35)] - helloooooooo
2018-11-20 15:14:16,448 INFO [utils.py(get_driver:83)] - get_driver
2018-11-20 15:14:33,800 INFO [utils.py(get_driver:83)] - get_driver
2018-11-20 15:14:33,801 INFO [utils.py(get_driver:83)] - get_driver
2018-11-20 15:14:33,802 INFO [base_page.py(find_element:14)] - location=('link text', '登录')
2018-11-20 15:14:34,540 INFO [test_login.py(test_login:52)] - username=13012345678 password=123456 code=8888 expect=登录成功
2018-11-20 15:14:34,541 INFO [base_page.py(find_element:14)] - location=('id', 'username')
2018-11-20 15:14:34,608 INFO [base_page.py(find_element:14)] - location=('id', 'password')
2018-11-20 15:14:34,645 INFO [base_page.py(find_element:14)] - location=('id', 'verify_code')
2018-11-20 15:14:34,711 INFO [base_page.py(find_element:14)] - location=('name', 'sbtbutton')
2018-11-20 15:14:35,013 INFO [base_page.py(find_element:14)] - location=('link text', '我的商城')
2018-11-20 15:14:39,419 INFO [utils.py(get_driver:83)] - get_driver
2018-11-20 15:17:40,261 ERROR [test_login.py(setUpClass:35)] - helloooooooo
2018-11-20 15:17:40,261 INFO [utils.py(get_driver:83)] - get_driver
2018-11-20 15:17:59,021 INFO [utils.py(get_driver:83)] - get_driver
2018-11-20 15:17:59,021 INFO [utils.py(get_driver:83)] - get_driver
2018-11-20 15:17:59,023 INFO [base_page.py(find_element:14)] - location=('link text', '登录')
2018-11-20 15:17:59,685 INFO [test_login.py(test_login:52)] - username=13012345678 password=123456 code=8888 expect=登录成功
2018-11-20 15:17:59,685 INFO [base_page.py(find_element:14)] - location=('id', 'username')
2018-11-20 15:17:59,764 INFO [base_page.py(find_element:14)] - location=('id', 'password')
2018-11-20 15:17:59,810 INFO [base_page.py(find_element:14)] - location=('id', 'verify_code')
2018-11-20 15:17:59,857 INFO [base_page.py(find_element:14)] - location=('name', 'sbtbutton')
2018-11-20 15:18:00,107 INFO [base_page.py(find_element:14)] - location=('link text', '我的商城')
2018-11-20 15:18:04,497 INFO [utils.py(get_driver:83)] - get_driver
